<?xml version="1.0" encoding="UTF-8"?>
<!-- Generated by org.testng.reporters.JUnitReportReporter -->
<testsuite hostname="LAPTOP-S0IS0QVR" failures="0" tests="1" name="HeroVai.GGG" time="0.023" errors="0" timestamp="2021-01-21T08:41:18 IST" skipped="0">
  <testcase classname="HeroVai.GGG" name="f" time="0.023"/>
  <system-out/>
</testsuite> <!-- HeroVai.GGG -->
